<?xml version='1.0' encoding='UTF-8'?>
<testsuite hostname="kathryn" name="gcd.GCDSpec" tests="1" errors="0" failures="0" skipped="0" time="2.993" timestamp="2022-10-14T09:52:43">
          <properties>
[...]
</properties>
          <testcase classname="gcd.GCDSpec" name="Gcd should calculate proper greatest common denominator" time="2.993">
                      
                    </testcase>
          <system-out><![CDATA[]]></system-out>
          <system-err><![CDATA[]]></system-err>
        </testsuite>